[06-Nov-2022 14:13:11 Africa/Brazzaville] PHP Notice:  Undefined variable: id in /var/www/html/InterviewTestPrep/HMS-PDO/clients/home/index.php on line 22
[06-Nov-2022 14:13:11 Africa/Brazzaville] PHP Notice:  Undefined variable: id in /var/www/html/InterviewTestPrep/HMS-PDO/clients/home/index.php on line 97
[06-Nov-2022 14:13:11 Africa/Brazzaville] PHP Fatal error:  Uncaught Error: Call to undefined method DB::prepare() in /var/www/html/InterviewTestPrep/HMS-PDO/clients/home/index.php:221
Stack trace:
#0 {main}
  thrown in /var/www/html/InterviewTestPrep/HMS-PDO/clients/home/index.php on line 221
[06-Nov-2022 14:14:08 Africa/Brazzaville] PHP Fatal error:  Uncaught Error: Call to undefined method DB::prepare() in /var/www/html/InterviewTestPrep/HMS-PDO/clients/home/index.php:221
Stack trace:
#0 {main}
  thrown in /var/www/html/InterviewTestPrep/HMS-PDO/clients/home/index.php on line 221
[06-Nov-2022 17:35:25 Africa/Brazzaville] PHP Notice:  Undefined variable: user_id in /var/www/html/InterviewTestPrep/HMS-PDO/clients/home/index.php on line 22
[06-Nov-2022 17:35:25 Africa/Brazzaville] PHP Notice:  Undefined variable: user_id in /var/www/html/InterviewTestPrep/HMS-PDO/clients/home/index.php on line 97
[06-Nov-2022 17:35:25 Africa/Brazzaville] PHP Notice:  Undefined variable: user_id in /var/www/html/InterviewTestPrep/HMS-PDO/clients/home/index.php on line 168
[06-Nov-2022 19:33:51 Africa/Brazzaville] PHP Notice:  Undefined variable: user_id in /var/www/html/InterviewTestPrep/HMS-PDO/clients/home/index.php on line 22
[06-Nov-2022 19:33:52 Africa/Brazzaville] PHP Notice:  Undefined variable: creditBalance in /var/www/html/InterviewTestPrep/HMS-PDO/clients/home/index.php on line 90
[06-Nov-2022 19:33:52 Africa/Brazzaville] PHP Notice:  Undefined variable: user_id in /var/www/html/InterviewTestPrep/HMS-PDO/clients/home/index.php on line 97
[06-Nov-2022 19:33:52 Africa/Brazzaville] PHP Notice:  Undefined variable: user_id in /var/www/html/InterviewTestPrep/HMS-PDO/clients/home/index.php on line 168
[06-Nov-2022 20:35:27 Africa/Brazzaville] PHP Notice:  Undefined variable: user_id in /var/www/html/InterviewTestPrep/HMS-PDO/clients/home/index.php on line 22
[06-Nov-2022 20:35:27 Africa/Brazzaville] PHP Notice:  Undefined variable: creditBalance in /var/www/html/InterviewTestPrep/HMS-PDO/clients/home/index.php on line 90
[06-Nov-2022 20:35:27 Africa/Brazzaville] PHP Notice:  Undefined variable: user_id in /var/www/html/InterviewTestPrep/HMS-PDO/clients/home/index.php on line 97
[06-Nov-2022 20:35:27 Africa/Brazzaville] PHP Notice:  Undefined variable: user_id in /var/www/html/InterviewTestPrep/HMS-PDO/clients/home/index.php on line 168
[06-Nov-2022 20:36:19 Africa/Brazzaville] PHP Notice:  Undefined variable: roomImg in /var/www/html/InterviewTestPrep/HMS-PDO/clients/home/index.php on line 177
[06-Nov-2022 20:36:19 Africa/Brazzaville] PHP Notice:  Undefined variable: roomImg in /var/www/html/InterviewTestPrep/HMS-PDO/clients/home/index.php on line 180
[06-Nov-2022 20:36:19 Africa/Brazzaville] PHP Notice:  Undefined variable: roomtype in /var/www/html/InterviewTestPrep/HMS-PDO/clients/home/index.php on line 185
[06-Nov-2022 20:37:40 Africa/Brazzaville] PHP Notice:  Undefined variable: roomImg in /var/www/html/InterviewTestPrep/HMS-PDO/clients/home/index.php on line 177
[06-Nov-2022 20:37:40 Africa/Brazzaville] PHP Notice:  Undefined variable: roomImg in /var/www/html/InterviewTestPrep/HMS-PDO/clients/home/index.php on line 180
[06-Nov-2022 20:37:40 Africa/Brazzaville] PHP Notice:  Undefined variable: roomtype in /var/www/html/InterviewTestPrep/HMS-PDO/clients/home/index.php on line 185
